File "/Users/DMY/Development/Vendure/plugin-template/node_modules/@vendure/create/index.js/.../node_modules/@vendure/create/assets/images/derick-david-409858-unsplash.jpg" does not exist
File "/Users/DMY/Development/Vendure/plugin-template/node_modules/@vendure/create/index.js/.../node_modules/@vendure/create/assets/images/kelly-sikkema-685291-unsplash.jpg" does not exist
File "/Users/DMY/Development/Vendure/plugin-template/node_modules/@vendure/create/index.js/.../node_modules/@vendure/create/assets/images/oscar-ivan-esquivel-arteaga-687447-unsplash.jpg" does not exist
File "/Users/DMY/Development/Vendure/plugin-template/node_modules/@vendure/create/index.js/.../node_modules/@vendure/create/assets/images/daniel-korpai-1302051-unsplash.jpg" does not exist
File "/Users/DMY/Development/Vendure/plugin-template/node_modules/@vendure/create/index.js/.../node_modules/@vendure/create/assets/images/alexandru-acea-686569-unsplash.jpg" does not exist
File "/Users/DMY/Development/Vendure/plugin-template/node_modules/@vendure/create/index.js/.../node_modules/@vendure/create/assets/images/liam-briese-1128307-unsplash.jpg" does not exist
File "/Users/DMY/Development/Vendure/plugin-template/node_modules/@vendure/create/index.js/.../node_modules/@vendure/create/assets/images/florian-olivo-1166419-unsplash.jpg" does not exist
File "/Users/DMY/Development/Vendure/plugin-template/node_modules/@vendure/create/index.js/.../node_modules/@vendure/create/assets/images/vincent-botta-736919-unsplash.jpg" does not exist
File "/Users/DMY/Development/Vendure/plugin-template/node_modules/@vendure/create/index.js/.../node_modules/@vendure/create/assets/images/juan-gomez-674574-unsplash.jpg" does not exist
File "/Users/DMY/Development/Vendure/plugin-template/node_modules/@vendure/create/index.js/.../node_modules/@vendure/create/assets/images/thomas-q-1229169-unsplash.jpg" does not exist
File "/Users/DMY/Development/Vendure/plugin-template/node_modules/@vendure/create/index.js/.../node_modules/@vendure/create/assets/images/adam-birkett-239153-unsplash.jpg" does not exist
File "/Users/DMY/Development/Vendure/plugin-template/node_modules/@vendure/create/index.js/.../node_modules/@vendure/create/assets/images/eniko-kis-663725-unsplash.jpg" does not exist
File "/Users/DMY/Development/Vendure/plugin-template/node_modules/@vendure/create/index.js/.../node_modules/@vendure/create/assets/images/brandi-redd-104140-unsplash.jpg" does not exist
File "/Users/DMY/Development/Vendure/plugin-template/node_modules/@vendure/create/index.js/.../node_modules/@vendure/create/assets/images/jonathan-talbert-697262-unsplash.jpg" does not exist
File "/Users/DMY/Development/Vendure/plugin-template/node_modules/@vendure/create/index.js/.../node_modules/@vendure/create/assets/images/zoltan-tasi-423051-unsplash.jpg" does not exist
File "/Users/DMY/Development/Vendure/plugin-template/node_modules/@vendure/create/index.js/.../node_modules/@vendure/create/assets/images/jakob-owens-274337-unsplash.jpg" does not exist
File "/Users/DMY/Development/Vendure/plugin-template/node_modules/@vendure/create/index.js/.../node_modules/@vendure/create/assets/images/patrick-brinksma-663044-unsplash.jpg" does not exist
File "/Users/DMY/Development/Vendure/plugin-template/node_modules/@vendure/create/index.js/.../node_modules/@vendure/create/assets/images/chuttersnap-324234-unsplash.jpg" does not exist
File "/Users/DMY/Development/Vendure/plugin-template/node_modules/@vendure/create/index.js/.../node_modules/@vendure/create/assets/images/robert-shunev-528016-unsplash.jpg" does not exist
File "/Users/DMY/Development/Vendure/plugin-template/node_modules/@vendure/create/index.js/.../node_modules/@vendure/create/assets/images/alexander-andrews-260988-unsplash.jpg" does not exist
File "/Users/DMY/Development/Vendure/plugin-template/node_modules/@vendure/create/index.js/.../node_modules/@vendure/create/assets/images/mikkel-bech-748940-unsplash.jpg" does not exist
File "/Users/DMY/Development/Vendure/plugin-template/node_modules/@vendure/create/index.js/.../node_modules/@vendure/create/assets/images/stoica-ionela-530966-unsplash.jpg" does not exist
File "/Users/DMY/Development/Vendure/plugin-template/node_modules/@vendure/create/index.js/.../node_modules/@vendure/create/assets/images/neonbrand-428982-unsplash.jpg" does not exist
File "/Users/DMY/Development/Vendure/plugin-template/node_modules/@vendure/create/index.js/.../node_modules/@vendure/create/assets/images/michael-guite-571169-unsplash.jpg" does not exist
File "/Users/DMY/Development/Vendure/plugin-template/node_modules/@vendure/create/index.js/.../node_modules/@vendure/create/assets/images/max-tarkhov-737999-unsplash.jpg" does not exist
File "/Users/DMY/Development/Vendure/plugin-template/node_modules/@vendure/create/index.js/.../node_modules/@vendure/create/assets/images/nik-shuliahin-619349-unsplash.jpg" does not exist
File "/Users/DMY/Development/Vendure/plugin-template/node_modules/@vendure/create/index.js/.../node_modules/@vendure/create/assets/images/ben-hershey-574483-unsplash.jpg" does not exist
File "/Users/DMY/Development/Vendure/plugin-template/node_modules/@vendure/create/index.js/.../node_modules/@vendure/create/assets/images/tommy-bebo-600358-unsplash.jpg" does not exist
File "/Users/DMY/Development/Vendure/plugin-template/node_modules/@vendure/create/index.js/.../node_modules/@vendure/create/assets/images/chuttersnap-584518-unsplash.jpg" does not exist
File "/Users/DMY/Development/Vendure/plugin-template/node_modules/@vendure/create/index.js/.../node_modules/@vendure/create/assets/images/imani-clovis-234736-unsplash.jpg" does not exist
File "/Users/DMY/Development/Vendure/plugin-template/node_modules/@vendure/create/index.js/.../node_modules/@vendure/create/assets/images/xavier-teo-469050-unsplash.jpg" does not exist
File "/Users/DMY/Development/Vendure/plugin-template/node_modules/@vendure/create/index.js/.../node_modules/@vendure/create/assets/images/thomas-serer-420833-unsplash.jpg" does not exist
File "/Users/DMY/Development/Vendure/plugin-template/node_modules/@vendure/create/index.js/.../node_modules/@vendure/create/assets/images/nikolai-chernichenko-1299748-unsplash.jpg" does not exist
File "/Users/DMY/Development/Vendure/plugin-template/node_modules/@vendure/create/index.js/.../node_modules/@vendure/create/assets/images/mitch-lensink-256007-unsplash.jpg" does not exist
File "/Users/DMY/Development/Vendure/plugin-template/node_modules/@vendure/create/index.js/.../node_modules/@vendure/create/assets/images/charles-deluvio-695736-unsplash.jpg" does not exist
File "/Users/DMY/Development/Vendure/plugin-template/node_modules/@vendure/create/index.js/.../node_modules/@vendure/create/assets/images/natalia-y-345738-unsplash.jpg" does not exist
File "/Users/DMY/Development/Vendure/plugin-template/node_modules/@vendure/create/index.js/.../node_modules/@vendure/create/assets/images/alex-rodriguez-santibanez-200278-unsplash.jpg" does not exist
File "/Users/DMY/Development/Vendure/plugin-template/node_modules/@vendure/create/index.js/.../node_modules/@vendure/create/assets/images/silvia-agrasar-227575-unsplash.jpg" does not exist
File "/Users/DMY/Development/Vendure/plugin-template/node_modules/@vendure/create/index.js/.../node_modules/@vendure/create/assets/images/caleb-george-536388-unsplash.jpg" does not exist
File "/Users/DMY/Development/Vendure/plugin-template/node_modules/@vendure/create/index.js/.../node_modules/@vendure/create/assets/images/annie-spratt-78044-unsplash.jpg" does not exist
File "/Users/DMY/Development/Vendure/plugin-template/node_modules/@vendure/create/index.js/.../node_modules/@vendure/create/assets/images/zoltan-kovacs-642412-unsplash.jpg" does not exist
File "/Users/DMY/Development/Vendure/plugin-template/node_modules/@vendure/create/index.js/.../node_modules/@vendure/create/assets/images/mark-tegethoff-667351-unsplash.jpg" does not exist
File "/Users/DMY/Development/Vendure/plugin-template/node_modules/@vendure/create/index.js/.../node_modules/@vendure/create/assets/images/vincent-liu-525429-unsplash.jpg" does not exist
File "/Users/DMY/Development/Vendure/plugin-template/node_modules/@vendure/create/index.js/.../node_modules/@vendure/create/assets/images/neslihan-gunaydin-3493-unsplash.jpg" does not exist
File "/Users/DMY/Development/Vendure/plugin-template/node_modules/@vendure/create/index.js/.../node_modules/@vendure/create/assets/images/florian-klauer-14840-unsplash.jpg" does not exist
File "/Users/DMY/Development/Vendure/plugin-template/node_modules/@vendure/create/index.js/.../node_modules/@vendure/create/assets/images/nathan-fertig-249917-unsplash.jpg" does not exist
File "/Users/DMY/Development/Vendure/plugin-template/node_modules/@vendure/create/index.js/.../node_modules/@vendure/create/assets/images/paul-weaver-1120584-unsplash.jpg" does not exist
File "/Users/DMY/Development/Vendure/plugin-template/node_modules/@vendure/create/index.js/.../node_modules/@vendure/create/assets/images/pierre-chatel-innocenti-483198-unsplash.jpg" does not exist
File "/Users/DMY/Development/Vendure/plugin-template/node_modules/@vendure/create/index.js/.../node_modules/@vendure/create/assets/images/abel-y-costa-716024-unsplash.jpg" does not exist
File "/Users/DMY/Development/Vendure/plugin-template/node_modules/@vendure/create/index.js/.../node_modules/@vendure/create/assets/images/kari-shea-398668-unsplash.jpg" does not exist
File "/Users/DMY/Development/Vendure/plugin-template/node_modules/@vendure/create/index.js/.../node_modules/@vendure/create/assets/images/andres-jasso-220776-unsplash.jpg" does not exist
File "/Users/DMY/Development/Vendure/plugin-template/node_modules/@vendure/create/index.js/.../node_modules/@vendure/create/assets/images/ruslan-bardash-351288-unsplash.jpg" does not exist
File "/Users/DMY/Development/Vendure/plugin-template/node_modules/@vendure/create/index.js/.../node_modules/@vendure/create/assets/images/benjamin-voros-310026-unsplash.jpg" does not exist
File "/Users/DMY/Development/Vendure/plugin-template/node_modules/@vendure/create/index.js/.../node_modules/@vendure/create/assets/images/jean-philippe-delberghe-1400011-unsplash.jpg" does not exist